[16:55:12] [ServerMain/INFO]: Environment: Environment[sessionHost=https://sessionserver.mojang.com, servicesHost=https://api.minecraftservices.com, name=PROD]
[16:55:15] [ServerMain/INFO]: Loaded 1290 recipes
[16:55:15] [ServerMain/INFO]: Loaded 1399 advancements
[16:55:16] [Server thread/INFO]: Starting minecraft server version 1.21.1
[16:55:16] [Server thread/INFO]: Loading properties
[16:55:16] [Server thread/INFO]: Default game type: SURVIVAL
[16:55:16] [Server thread/INFO]: Generating keypair
[16:55:16] [Server thread/INFO]: Starting Minecraft server on *:25565
[16:55:16] [Server thread/INFO]: Using epoll channel type
[16:55:16] [Server thread/WARN]: **** SERVER IS RUNNING IN OFFLINE/INSECURE MODE!
[16:55:16] [Server thread/WARN]: The server will make no attempt to authenticate usernames. Beware.
[16:55:16] [Server thread/WARN]: While this makes the game possible to play without internet access, it also opens up the ability for hackers to connect with any username they choose.
[16:55:16] [Server thread/WARN]: To change this, set "online-mode" to "true" in the server.properties file.
[16:55:16] [Server thread/INFO]: Preparing level "world"
[16:55:22] [Server thread/INFO]: Preparing start region for dimension minecraft:overworld
[16:55:23] [Worker-Main-1/INFO]: Preparing spawn area: 0%
[16:55:23] [Worker-Main-1/INFO]: Preparing spawn area: 0%
[16:55:23] [Server thread/INFO]: Time elapsed: 697 ms
[16:55:23] [Server thread/INFO]: Done (6.689s)! For help, type "help"
[16:55:25] [Server thread/INFO]: ValteriIts_James[/127.48.57.124:46369] logged in with entity id 11 at (2712.0346811343325, 58.0, -697.0064744757434)
[16:55:25] [Server thread/INFO]: ValteriIts_James joined the game
[16:55:26] [Server thread/WARN]: Failed to parse map banner: 'Not a list: null'
[16:55:26] [Server thread/WARN]: Failed to parse map banner: 'Not a list: null'
[16:59:44] [Server thread/INFO]: [ValteriIts_James: Gave 1 [Spruce Sign] to ValteriIts_James]
[17:24:28] [Server thread/INFO]: ValteriIts_James lost connection: Disconnected
[17:24:28] [Server thread/INFO]: ValteriIts_James left the game
[17:24:35] [Server thread/INFO]: Stopping the server
[17:24:35] [Server thread/INFO]: Stopping server
[17:24:35] [Server thread/INFO]: Saving players
[17:24:35] [Server thread/INFO]: Saving worlds
[17:24:35] [Server thread/INFO]: Saving chunks for level 'ServerLevel[world]'/minecraft:overworld
[17:24:35] [Server thread/INFO]: Saving chunks for level 'ServerLevel[world]'/minecraft:the_end
[17:24:35] [Server thread/INFO]: Saving chunks for level 'ServerLevel[world]'/minecraft:the_nether
[17:24:35] [Server thread/INFO]: ThreadedAnvilChunkStorage (world): All chunks are saved
[17:24:35] [Server thread/INFO]: ThreadedAnvilChunkStorage (DIM1): All chunks are saved
[17:24:35] [Server thread/INFO]: ThreadedAnvilChunkStorage (DIM-1): All chunks are saved
[17:24:35] [Server thread/INFO]: ThreadedAnvilChunkStorage: All dimensions are saved
